<?xml version="1.0" encoding="UTF-8"?>
<coverage generated="1769186115445" clover="3.2.0">
  <project timestamp="1769186115445" name="All files">
    <metrics statements="77" coveredstatements="46" conditionals="41" coveredconditionals="12" methods="25" coveredmethods="13" elements="143" coveredelements="71" complexity="0" loc="77" ncloc="77" packages="7" files="9" classes="9"/>
    <package name="shiny-agency">
      <metrics statements="0" coveredstatements="0" conditionals="0" coveredconditionals="0" methods="0" coveredmethods="0"/>
      <file name="fileMock.js" path="/home/fhermas22/__Pratiques.Formations__/_React/Creez.une.application.React.complete_OpenClassrooms/shiny-agency/fileMock.js">
        <metrics statements="0" coveredstatements="0" conditionals="0" coveredconditionals="0" methods="0" coveredmethods="0"/>
      </file>
    </package>
    <package name="shiny-agency.src.components.Card">
      <metrics statements="14" coveredstatements="14" conditionals="11" coveredconditionals="5" methods="5" coveredmethods="5"/>
      <file name="index.jsx" path="/home/fhermas22/__Pratiques.Formations__/_React/Creez.une.application.React.complete_OpenClassrooms/shiny-agency/src/components/Card/index.jsx">
        <metrics statements="14" coveredstatements="14" conditionals="11" coveredconditionals="5" methods="5" coveredmethods="5"/>
        <line num="9" count="1" type="stmt"/>
        <line num="10" count="3" type="cond" truecount="1" falsecount="1"/>
        <line num="16" count="1" type="stmt"/>
        <line num="17" count="3" type="cond" truecount="1" falsecount="1"/>
        <line num="26" count="1" type="stmt"/>
        <line num="33" count="1" type="stmt"/>
        <line num="39" count="3" type="cond" truecount="1" falsecount="1"/>
        <line num="49" count="3" type="stmt"/>
        <line num="50" count="3" type="stmt"/>
        <line num="51" count="3" type="cond" truecount="2" falsecount="0"/>
        <line num="53" count="3" type="stmt"/>
        <line num="54" count="1" type="stmt"/>
        <line num="64" count="1" type="stmt"/>
        <line num="70" count="1" type="stmt"/>
      </file>
    </package>
    <package name="shiny-agency.src.components.Footer">
      <metrics statements="5" coveredstatements="5" conditionals="2" coveredconditionals="2" methods="2" coveredmethods="2"/>
      <file name="index.jsx" path="/home/fhermas22/__Pratiques.Formations__/_React/Creez.une.application.React.complete_OpenClassrooms/shiny-agency/src/components/Footer/index.jsx">
        <metrics statements="5" coveredstatements="5" conditionals="2" coveredconditionals="2" methods="2" coveredmethods="2"/>
        <line num="6" count="1" type="stmt"/>
        <line num="15" count="1" type="stmt"/>
        <line num="23" count="2" type="stmt"/>
        <line num="25" count="2" type="stmt"/>
        <line num="27" count="1" type="stmt"/>
      </file>
    </package>
    <package name="shiny-agency.src.pages.Results">
      <metrics statements="28" coveredstatements="14" conditionals="20" coveredconditionals="4" methods="10" coveredmethods="3"/>
      <file name="index.jsx" path="/home/fhermas22/__Pratiques.Formations__/_React/Creez.une.application.React.complete_OpenClassrooms/shiny-agency/src/pages/Results/index.jsx">
        <metrics statements="28" coveredstatements="14" conditionals="20" coveredconditionals="4" methods="10" coveredmethods="3"/>
        <line num="8" count="1" type="stmt"/>
        <line num="15" count="0" type="cond" truecount="0" falsecount="2"/>
        <line num="18" count="1" type="stmt"/>
        <line num="19" count="0" type="cond" truecount="0" falsecount="2"/>
        <line num="29" count="1" type="stmt"/>
        <line num="33" count="1" type="stmt"/>
        <line num="35" count="0" type="cond" truecount="0" falsecount="2"/>
        <line num="39" count="1" type="stmt"/>
        <line num="42" count="0" type="cond" truecount="0" falsecount="2"/>
        <line num="50" count="1" type="stmt"/>
        <line num="56" count="2" type="stmt"/>
        <line num="58" count="2" type="stmt"/>
        <line num="59" count="3" type="stmt"/>
        <line num="60" count="3" type="cond" truecount="2" falsecount="0"/>
        <line num="61" count="3" type="stmt"/>
        <line num="66" count="2" type="cond" truecount="2" falsecount="0"/>
        <line num="67" count="1" type="stmt"/>
        <line num="69" count="1" type="stmt"/>
        <line num="74" count="0" type="stmt"/>
        <line num="75" count="0" type="stmt"/>
        <line num="76" count="0" type="stmt"/>
        <line num="78" count="0" type="stmt"/>
        <line num="82" count="0" type="cond" truecount="0" falsecount="2"/>
        <line num="83" count="0" type="stmt"/>
        <line num="86" count="0" type="stmt"/>
        <line num="88" count="0" type="cond" truecount="0" falsecount="2"/>
        <line num="98" count="0" type="stmt"/>
        <line num="112" count="0" type="stmt"/>
      </file>
    </package>
    <package name="shiny-agency.src.utils.context">
      <metrics statements="7" coveredstatements="7" conditionals="2" coveredconditionals="1" methods="2" coveredmethods="2"/>
      <file name="ThemeProvider.jsx" path="/home/fhermas22/__Pratiques.Formations__/_React/Creez.une.application.React.complete_OpenClassrooms/shiny-agency/src/utils/context/ThemeProvider.jsx">
        <metrics statements="5" coveredstatements="5" conditionals="2" coveredconditionals="1" methods="2" coveredmethods="2"/>
        <line num="4" count="2" type="stmt"/>
        <line num="5" count="4" type="stmt"/>
        <line num="6" count="4" type="stmt"/>
        <line num="7" count="1" type="cond" truecount="1" falsecount="1"/>
        <line num="10" count="4" type="stmt"/>
      </file>
      <file name="index.jsx" path="/home/fhermas22/__Pratiques.Formations__/_React/Creez.une.application.React.complete_OpenClassrooms/shiny-agency/src/utils/context/index.jsx">
        <metrics statements="2" coveredstatements="2" conditionals="0" coveredconditionals="0" methods="0" coveredmethods="0"/>
        <line num="3" count="3" type="stmt"/>
        <line num="5" count="3" type="stmt"/>
      </file>
    </package>
    <package name="shiny-agency.src.utils.hooks">
      <metrics statements="17" coveredstatements="2" conditionals="2" coveredconditionals="0" methods="4" coveredmethods="1"/>
      <file name="index.jsx" path="/home/fhermas22/__Pratiques.Formations__/_React/Creez.une.application.React.complete_OpenClassrooms/shiny-agency/src/utils/hooks/index.jsx">
        <metrics statements="17" coveredstatements="2" conditionals="2" coveredconditionals="0" methods="4" coveredmethods="1"/>
        <line num="5" count="0" type="stmt"/>
        <line num="6" count="0" type="stmt"/>
        <line num="7" count="0" type="stmt"/>
        <line num="9" count="0" type="stmt"/>
        <line num="10" count="0" type="cond" truecount="0" falsecount="2"/>
        <line num="11" count="0" type="stmt"/>
        <line num="13" count="0" type="stmt"/>
        <line num="14" count="0" type="stmt"/>
        <line num="15" count="0" type="stmt"/>
        <line num="16" count="0" type="stmt"/>
        <line num="18" count="0" type="stmt"/>
        <line num="19" count="0" type="stmt"/>
        <line num="21" count="0" type="stmt"/>
        <line num="24" count="0" type="stmt"/>
        <line num="26" count="0" type="stmt"/>
        <line num="30" count="5" type="stmt"/>
        <line num="31" count="5" type="stmt"/>
      </file>
    </package>
    <package name="shiny-agency.src.utils.style">
      <metrics statements="6" coveredstatements="4" conditionals="4" coveredconditionals="0" methods="2" coveredmethods="0"/>
      <file name="Atoms.jsx" path="/home/fhermas22/__Pratiques.Formations__/_React/Creez.une.application.React.complete_OpenClassrooms/shiny-agency/src/utils/style/Atoms.jsx">
        <metrics statements="5" coveredstatements="3" conditionals="4" coveredconditionals="0" methods="2" coveredmethods="0"/>
        <line num="5" count="1" type="stmt"/>
        <line num="15" count="1" type="stmt"/>
        <line num="25" count="1" type="stmt"/>
        <line num="27" count="0" type="cond" truecount="0" falsecount="2"/>
        <line num="32" count="0" type="cond" truecount="0" falsecount="2"/>
      </file>
      <file name="colors.js" path="/home/fhermas22/__Pratiques.Formations__/_React/Creez.une.application.React.complete_OpenClassrooms/shiny-agency/src/utils/style/colors.js">
        <metrics statements="1" coveredstatements="1" conditionals="0" coveredconditionals="0" methods="0" coveredmethods="0"/>
        <line num="1" count="3" type="stmt"/>
      </file>
    </package>
  </project>
</coverage>
