{"/home/fhermas22/__Pratiques.Formations__/_React/Creez.une.application.React.complete_OpenClassrooms/shiny-agency/src/components/Footer/index.jsx": {"path":"/home/fhermas22/__Pratiques.Formations__/_React/Creez.une.application.React.complete_OpenClassrooms/shiny-agency/src/components/Footer/index.jsx","statementMap":{"0":{"start":{"line":6,"column":24},"end":{"line":13,"column":1}},"1":{"start":{"line":15,"column":24},"end":{"line":20,"column":1}},"2":{"start":{"line":23,"column":33},"end":{"line":23,"column":43}},"3":{"start":{"line":25,"column":2},"end":{"line":31,"column":3}},"4":{"start":{"line":27,"column":38},"end":{"line":27,"column":51}}},"fnMap":{"0":{"name":"Footer","decl":{"start":{"line":22,"column":9},"end":{"line":22,"column":15}},"loc":{"start":{"line":22,"column":18},"end":{"line":32,"column":1}},"line":22},"1":{"name":"(anonymous_1)","decl":{"start":{"line":27,"column":32},"end":{"line":27,"column":33}},"loc":{"start":{"line":27,"column":38},"end":{"line":27,"column":51}},"line":27}},"branchMap":{"0":{"loc":{"start":{"line":28,"column":27},"end":{"line":28,"column":58}},"type":"cond-expr","locations":[{"start":{"line":28,"column":47},"end":{"line":28,"column":51}},{"start":{"line":28,"column":54},"end":{"line":28,"column":58}}],"line":28}},"s":{"0":1,"1":1,"2":2,"3":2,"4":1},"f":{"0":2,"1":1},"b":{"0":[1,1]},"_coverageSchema":"1a1c01bbd47fc00a2c39e90264f33305004495a9","hash":"78f2b20c57650e6eb63ba52ee39918de27773f01"}
,"/home/fhermas22/__Pratiques.Formations__/_React/Creez.une.application.React.complete_OpenClassrooms/shiny-agency/src/pages/Results/index.jsx": {"path":"/home/fhermas22/__Pratiques.Formations__/_React/Creez.une.application.React.complete_OpenClassrooms/shiny-agency/src/pages/Results/index.jsx","statementMap":{"0":{"start":{"line":8,"column":25},"end":{"line":16,"column":1}},"1":{"start":{"line":15,"column":4},"end":{"line":15,"column":70}},"2":{"start":{"line":18,"column":21},"end":{"line":27,"column":1}},"3":{"start":{"line":19,"column":27},"end":{"line":19,"column":68}},"4":{"start":{"line":29,"column":27},"end":{"line":31,"column":1}},"5":{"start":{"line":33,"column":17},"end":{"line":37,"column":1}},"6":{"start":{"line":35,"column":4},"end":{"line":35,"column":63}},"7":{"start":{"line":39,"column":23},"end":{"line":48,"column":1}},"8":{"start":{"line":42,"column":29},"end":{"line":42,"column":77}},"9":{"start":{"line":50,"column":22},"end":{"line":53,"column":1}},"10":{"start":{"line":56,"column":24},"end":{"line":56,"column":44}},"11":{"start":{"line":58,"column":2},"end":{"line":62,"column":8}},"12":{"start":{"line":59,"column":25},"end":{"line":59,"column":36}},"13":{"start":{"line":60,"column":22},"end":{"line":60,"column":45}},"14":{"start":{"line":61,"column":4},"end":{"line":61,"column":83}},"15":{"start":{"line":66,"column":2},"end":{"line":70,"column":3}},"16":{"start":{"line":67,"column":4},"end":{"line":67,"column":16}},"17":{"start":{"line":69,"column":4},"end":{"line":69,"column":22}},"18":{"start":{"line":74,"column":20},"end":{"line":74,"column":30}},"19":{"start":{"line":75,"column":22},"end":{"line":75,"column":47}},"20":{"start":{"line":76,"column":22},"end":{"line":76,"column":48}},"21":{"start":{"line":78,"column":37},"end":{"line":80,"column":3}},"22":{"start":{"line":82,"column":2},"end":{"line":84,"column":3}},"23":{"start":{"line":83,"column":4},"end":{"line":83,"column":42}},"24":{"start":{"line":86,"column":22},"end":{"line":86,"column":39}},"25":{"start":{"line":88,"column":2},"end":{"line":122,"column":3}},"26":{"start":{"line":98,"column":12},"end":{"line":103,"column":23}},"27":{"start":{"line":112,"column":12},"end":{"line":118,"column":29}}},"fnMap":{"0":{"name":"(anonymous_0)","decl":{"start":{"line":14,"column":22},"end":{"line":14,"column":23}},"loc":{"start":{"line":15,"column":4},"end":{"line":15,"column":70}},"line":15},"1":{"name":"(anonymous_1)","decl":{"start":{"line":19,"column":11},"end":{"line":19,"column":12}},"loc":{"start":{"line":19,"column":27},"end":{"line":19,"column":68}},"line":19},"2":{"name":"(anonymous_2)","decl":{"start":{"line":34,"column":11},"end":{"line":34,"column":12}},"loc":{"start":{"line":35,"column":4},"end":{"line":35,"column":63}},"line":35},"3":{"name":"(anonymous_3)","decl":{"start":{"line":42,"column":13},"end":{"line":42,"column":14}},"loc":{"start":{"line":42,"column":29},"end":{"line":42,"column":77}},"line":42},"4":{"name":"formatQueryParams","decl":{"start":{"line":55,"column":16},"end":{"line":55,"column":33}},"loc":{"start":{"line":55,"column":43},"end":{"line":63,"column":1}},"line":55},"5":{"name":"(anonymous_5)","decl":{"start":{"line":58,"column":30},"end":{"line":58,"column":31}},"loc":{"start":{"line":58,"column":71},"end":{"line":62,"column":3}},"line":58},"6":{"name":"formatJobList","decl":{"start":{"line":65,"column":16},"end":{"line":65,"column":29}},"loc":{"start":{"line":65,"column":56},"end":{"line":71,"column":1}},"line":65},"7":{"name":"Results","decl":{"start":{"line":73,"column":9},"end":{"line":73,"column":16}},"loc":{"start":{"line":73,"column":19},"end":{"line":123,"column":1}},"line":73},"8":{"name":"(anonymous_8)","decl":{"start":{"line":97,"column":26},"end":{"line":97,"column":27}},"loc":{"start":{"line":98,"column":12},"end":{"line":103,"column":23}},"line":98},"9":{"name":"(anonymous_9)","decl":{"start":{"line":111,"column":26},"end":{"line":111,"column":27}},"loc":{"start":{"line":112,"column":12},"end":{"line":118,"column":29}},"line":112}},"branchMap":{"0":{"loc":{"start":{"line":15,"column":4},"end":{"line":15,"column":70}},"type":"cond-expr","locations":[{"start":{"line":15,"column":24},"end":{"line":15,"column":46}},{"start":{"line":15,"column":49},"end":{"line":15,"column":70}}],"line":15},"1":{"loc":{"start":{"line":19,"column":27},"end":{"line":19,"column":68}},"type":"cond-expr","locations":[{"start":{"line":19,"column":47},"end":{"line":19,"column":56}},{"start":{"line":19,"column":59},"end":{"line":19,"column":68}}],"line":19},"2":{"loc":{"start":{"line":35,"column":4},"end":{"line":35,"column":63}},"type":"cond-expr","locations":[{"start":{"line":35,"column":24},"end":{"line":35,"column":38}},{"start":{"line":35,"column":41},"end":{"line":35,"column":63}}],"line":35},"3":{"loc":{"start":{"line":42,"column":29},"end":{"line":42,"column":77}},"type":"cond-expr","locations":[{"start":{"line":42,"column":49},"end":{"line":42,"column":65}},{"start":{"line":42,"column":68},"end":{"line":42,"column":77}}],"line":42},"4":{"loc":{"start":{"line":60,"column":22},"end":{"line":60,"column":45}},"type":"cond-expr","locations":[{"start":{"line":60,"column":37},"end":{"line":60,"column":39}},{"start":{"line":60,"column":42},"end":{"line":60,"column":45}}],"line":60},"5":{"loc":{"start":{"line":66,"column":2},"end":{"line":70,"column":3}},"type":"if","locations":[{"start":{"line":66,"column":2},"end":{"line":70,"column":3}},{"start":{"line":68,"column":9},"end":{"line":70,"column":3}}],"line":66},"6":{"loc":{"start":{"line":82,"column":2},"end":{"line":84,"column":3}},"type":"if","locations":[{"start":{"line":82,"column":2},"end":{"line":84,"column":3}},{"start":{},"end":{}}],"line":82},"7":{"loc":{"start":{"line":88,"column":9},"end":{"line":122,"column":3}},"type":"cond-expr","locations":[{"start":{"line":89,"column":4},"end":{"line":91,"column":20}},{"start":{"line":93,"column":4},"end":{"line":121,"column":23}}],"line":88},"8":{"loc":{"start":{"line":96,"column":9},"end":{"line":104,"column":12}},"type":"binary-expr","locations":[{"start":{"line":96,"column":9},"end":{"line":96,"column":20}},{"start":{"line":97,"column":10},"end":{"line":104,"column":12}}],"line":96},"9":{"loc":{"start":{"line":110,"column":9},"end":{"line":119,"column":12}},"type":"binary-expr","locations":[{"start":{"line":110,"column":9},"end":{"line":110,"column":20}},{"start":{"line":111,"column":10},"end":{"line":119,"column":12}}],"line":110}},"s":{"0":1,"1":0,"2":1,"3":0,"4":1,"5":1,"6":0,"7":1,"8":0,"9":1,"10":2,"11":2,"12":3,"13":3,"14":3,"15":2,"16":1,"17":1,"18":0,"19":0,"20":0,"21":0,"22":0,"23":0,"24":0,"25":0,"26":0,"27":0},"f":{"0":0,"1":0,"2":0,"3":0,"4":2,"5":3,"6":2,"7":0,"8":0,"9":0},"b":{"0":[0,0],"1":[0,0],"2":[0,0],"3":[0,0],"4":[2,1],"5":[1,1],"6":[0,0],"7":[0,0],"8":[0,0],"9":[0,0]},"_coverageSchema":"1a1c01bbd47fc00a2c39e90264f33305004495a9","hash":"8231f2e12c749b14b93bb29d67a97a11ae33c867"}
,"/home/fhermas22/__Pratiques.Formations__/_React/Creez.une.application.React.complete_OpenClassrooms/shiny-agency/src/utils/context/ThemeProvider.jsx": {"path":"/home/fhermas22/__Pratiques.Formations__/_React/Creez.une.application.React.complete_OpenClassrooms/shiny-agency/src/utils/context/ThemeProvider.jsx","statementMap":{"0":{"start":{"line":4,"column":29},"end":{"line":15,"column":1}},"1":{"start":{"line":5,"column":30},"end":{"line":5,"column":47}},"2":{"start":{"line":6,"column":24},"end":{"line":8,"column":5}},"3":{"start":{"line":7,"column":8},"end":{"line":7,"column":54}},"4":{"start":{"line":10,"column":4},"end":{"line":14,"column":5}}},"fnMap":{"0":{"name":"(anonymous_0)","decl":{"start":{"line":4,"column":29},"end":{"line":4,"column":30}},"loc":{"start":{"line":4,"column":47},"end":{"line":15,"column":1}},"line":4},"1":{"name":"(anonymous_1)","decl":{"start":{"line":6,"column":24},"end":{"line":6,"column":25}},"loc":{"start":{"line":6,"column":30},"end":{"line":8,"column":5}},"line":6}},"branchMap":{"0":{"loc":{"start":{"line":7,"column":17},"end":{"line":7,"column":53}},"type":"cond-expr","locations":[{"start":{"line":7,"column":37},"end":{"line":7,"column":43}},{"start":{"line":7,"column":46},"end":{"line":7,"column":53}}],"line":7}},"s":{"0":1,"1":2,"2":2,"3":1,"4":2},"f":{"0":2,"1":1},"b":{"0":[1,0]},"_coverageSchema":"1a1c01bbd47fc00a2c39e90264f33305004495a9","hash":"6ef1722d694b9681583ebf84e7069bb333f993a7"}
,"/home/fhermas22/__Pratiques.Formations__/_React/Creez.une.application.React.complete_OpenClassrooms/shiny-agency/src/utils/context/index.jsx": {"path":"/home/fhermas22/__Pratiques.Formations__/_React/Creez.une.application.React.complete_OpenClassrooms/shiny-agency/src/utils/context/index.jsx","statementMap":{"0":{"start":{"line":3,"column":28},"end":{"line":3,"column":43}},"1":{"start":{"line":5,"column":29},"end":{"line":5,"column":44}}},"fnMap":{},"branchMap":{},"s":{"0":2,"1":2},"f":{},"b":{},"_coverageSchema":"1a1c01bbd47fc00a2c39e90264f33305004495a9","hash":"4b4be98d637a99e995b918526b58d37f88b9d0d7"}
,"/home/fhermas22/__Pratiques.Formations__/_React/Creez.une.application.React.complete_OpenClassrooms/shiny-agency/src/utils/hooks/index.jsx": {"path":"/home/fhermas22/__Pratiques.Formations__/_React/Creez.une.application.React.complete_OpenClassrooms/shiny-agency/src/utils/hooks/index.jsx","statementMap":{"0":{"start":{"line":5,"column":26},"end":{"line":5,"column":38}},"1":{"start":{"line":6,"column":34},"end":{"line":6,"column":48}},"2":{"start":{"line":7,"column":28},"end":{"line":7,"column":43}},"3":{"start":{"line":9,"column":2},"end":{"line":25,"column":11}},"4":{"start":{"line":10,"column":4},"end":{"line":10,"column":20}},"5":{"start":{"line":10,"column":14},"end":{"line":10,"column":20}},"6":{"start":{"line":11,"column":4},"end":{"line":11,"column":20}},"7":{"start":{"line":13,"column":6},"end":{"line":22,"column":7}},"8":{"start":{"line":14,"column":25},"end":{"line":14,"column":41}},"9":{"start":{"line":15,"column":21},"end":{"line":15,"column":42}},"10":{"start":{"line":16,"column":8},"end":{"line":16,"column":21}},"11":{"start":{"line":18,"column":8},"end":{"line":18,"column":24}},"12":{"start":{"line":19,"column":8},"end":{"line":19,"column":22}},"13":{"start":{"line":21,"column":8},"end":{"line":21,"column":25}},"14":{"start":{"line":24,"column":4},"end":{"line":24,"column":15}},"15":{"start":{"line":26,"column":2},"end":{"line":26,"column":35}},"16":{"start":{"line":30,"column":33},"end":{"line":30,"column":57}},"17":{"start":{"line":31,"column":2},"end":{"line":31,"column":31}}},"fnMap":{"0":{"name":"useFetch","decl":{"start":{"line":4,"column":16},"end":{"line":4,"column":24}},"loc":{"start":{"line":4,"column":30},"end":{"line":27,"column":1}},"line":4},"1":{"name":"(anonymous_1)","decl":{"start":{"line":9,"column":12},"end":{"line":9,"column":13}},"loc":{"start":{"line":9,"column":18},"end":{"line":25,"column":3}},"line":9},"2":{"name":"fetchData","decl":{"start":{"line":12,"column":19},"end":{"line":12,"column":28}},"loc":{"start":{"line":12,"column":31},"end":{"line":23,"column":5}},"line":12},"3":{"name":"useTheme","decl":{"start":{"line":29,"column":16},"end":{"line":29,"column":24}},"loc":{"start":{"line":29,"column":27},"end":{"line":32,"column":1}},"line":29}},"branchMap":{"0":{"loc":{"start":{"line":10,"column":4},"end":{"line":10,"column":20}},"type":"if","locations":[{"start":{"line":10,"column":4},"end":{"line":10,"column":20}},{"start":{},"end":{}}],"line":10}},"s":{"0":0,"1":0,"2":0,"3":0,"4":0,"5":0,"6":0,"7":0,"8":0,"9":0,"10":0,"11":0,"12":0,"13":0,"14":0,"15":0,"16":2,"17":2},"f":{"0":0,"1":0,"2":0,"3":2},"b":{"0":[0,0]},"_coverageSchema":"1a1c01bbd47fc00a2c39e90264f33305004495a9","hash":"75f3668028240a0781aaa5274d04a05b5a5ca6e7"}
,"/home/fhermas22/__Pratiques.Formations__/_React/Creez.une.application.React.complete_OpenClassrooms/shiny-agency/src/utils/style/Atoms.jsx": {"path":"/home/fhermas22/__Pratiques.Formations__/_React/Creez.une.application.React.complete_OpenClassrooms/shiny-agency/src/utils/style/Atoms.jsx","statementMap":{"0":{"start":{"line":5,"column":15},"end":{"line":13,"column":1}},"1":{"start":{"line":15,"column":22},"end":{"line":23,"column":1}},"2":{"start":{"line":25,"column":26},"end":{"line":36,"column":1}},"3":{"start":{"line":27,"column":28},"end":{"line":27,"column":70}},"4":{"start":{"line":32,"column":4},"end":{"line":35,"column":41}}},"fnMap":{"0":{"name":"(anonymous_0)","decl":{"start":{"line":27,"column":11},"end":{"line":27,"column":12}},"loc":{"start":{"line":27,"column":28},"end":{"line":27,"column":70}},"line":27},"1":{"name":"(anonymous_1)","decl":{"start":{"line":31,"column":4},"end":{"line":31,"column":5}},"loc":{"start":{"line":32,"column":4},"end":{"line":35,"column":41}},"line":32}},"branchMap":{"0":{"loc":{"start":{"line":27,"column":28},"end":{"line":27,"column":70}},"type":"cond-expr","locations":[{"start":{"line":27,"column":49},"end":{"line":27,"column":58}},{"start":{"line":27,"column":61},"end":{"line":27,"column":70}}],"line":27},"1":{"loc":{"start":{"line":32,"column":4},"end":{"line":35,"column":41}},"type":"binary-expr","locations":[{"start":{"line":32,"column":4},"end":{"line":32,"column":21}},{"start":{"line":33,"column":4},"end":{"line":35,"column":41}}],"line":32}},"s":{"0":1,"1":1,"2":1,"3":0,"4":0},"f":{"0":0,"1":0},"b":{"0":[0,0],"1":[0,0]},"_coverageSchema":"1a1c01bbd47fc00a2c39e90264f33305004495a9","hash":"0ca7aa51dbe7de0ba2594d1927ed26576319198b"}
,"/home/fhermas22/__Pratiques.Formations__/_React/Creez.une.application.React.complete_OpenClassrooms/shiny-agency/src/utils/style/colors.js": {"path":"/home/fhermas22/__Pratiques.Formations__/_React/Creez.une.application.React.complete_OpenClassrooms/shiny-agency/src/utils/style/colors.js","statementMap":{"0":{"start":{"line":1,"column":15},"end":{"line":7,"column":1}}},"fnMap":{},"branchMap":{},"s":{"0":2},"f":{},"b":{},"_coverageSchema":"1a1c01bbd47fc00a2c39e90264f33305004495a9","hash":"8a1774c99ffe249840795d249fc6fbbd86a6b21c"}
}
