TN:
SF:fileMock.js
FNF:0
FNH:0
LF:0
LH:0
BRF:0
BRH:0
end_of_record
TN:
SF:src/components/Card/index.jsx
FN:10,(anonymous_0)
FN:17,(anonymous_1)
FN:38,(anonymous_2)
FN:48,Card
FN:54,(anonymous_4)
FNF:5
FNH:5
FNDA:3,(anonymous_0)
FNDA:3,(anonymous_1)
FNDA:3,(anonymous_2)
FNDA:3,Card
FNDA:1,(anonymous_4)
DA:9,1
DA:10,3
DA:16,1
DA:17,3
DA:26,1
DA:33,1
DA:39,3
DA:49,3
DA:50,3
DA:51,3
DA:53,3
DA:54,1
DA:64,1
DA:70,1
LF:14
LH:14
BRDA:10,0,0,3
BRDA:10,0,1,0
BRDA:17,1,0,3
BRDA:17,1,1,0
BRDA:39,2,0,3
BRDA:39,2,1,0
BRDA:48,3,0,0
BRDA:48,4,0,0
BRDA:48,5,0,0
BRDA:51,6,0,1
BRDA:51,6,1,2
BRF:11
BRH:5
end_of_record
TN:
SF:src/components/Footer/index.jsx
FN:22,Footer
FN:27,(anonymous_1)
FNF:2
FNH:2
FNDA:2,Footer
FNDA:1,(anonymous_1)
DA:6,1
DA:15,1
DA:23,2
DA:25,2
DA:27,1
LF:5
LH:5
BRDA:28,0,0,1
BRDA:28,0,1,1
BRF:2
BRH:2
end_of_record
TN:
SF:src/pages/Results/index.jsx
FN:14,(anonymous_0)
FN:19,(anonymous_1)
FN:34,(anonymous_2)
FN:42,(anonymous_3)
FN:55,formatQueryParams
FN:58,(anonymous_5)
FN:65,formatJobList
FN:73,Results
FN:97,(anonymous_8)
FN:111,(anonymous_9)
FNF:10
FNH:3
FNDA:0,(anonymous_0)
FNDA:0,(anonymous_1)
FNDA:0,(anonymous_2)
FNDA:0,(anonymous_3)
FNDA:2,formatQueryParams
FNDA:3,(anonymous_5)
FNDA:2,formatJobList
FNDA:0,Results
FNDA:0,(anonymous_8)
FNDA:0,(anonymous_9)
DA:8,1
DA:15,0
DA:18,1
DA:19,0
DA:29,1
DA:33,1
DA:35,0
DA:39,1
DA:42,0
DA:50,1
DA:56,2
DA:58,2
DA:59,3
DA:60,3
DA:61,3
DA:66,2
DA:67,1
DA:69,1
DA:74,0
DA:75,0
DA:76,0
DA:78,0
DA:82,0
DA:83,0
DA:86,0
DA:88,0
DA:98,0
DA:112,0
LF:28
LH:14
BRDA:15,0,0,0
BRDA:15,0,1,0
BRDA:19,1,0,0
BRDA:19,1,1,0
BRDA:35,2,0,0
BRDA:35,2,1,0
BRDA:42,3,0,0
BRDA:42,3,1,0
BRDA:60,4,0,2
BRDA:60,4,1,1
BRDA:66,5,0,1
BRDA:66,5,1,1
BRDA:82,6,0,0
BRDA:82,6,1,0
BRDA:88,7,0,0
BRDA:88,7,1,0
BRDA:96,8,0,0
BRDA:96,8,1,0
BRDA:110,9,0,0
BRDA:110,9,1,0
BRF:20
BRH:4
end_of_record
TN:
SF:src/utils/context/ThemeProvider.jsx
FN:4,(anonymous_0)
FN:6,(anonymous_1)
FNF:2
FNH:2
FNDA:4,(anonymous_0)
FNDA:1,(anonymous_1)
DA:4,2
DA:5,4
DA:6,4
DA:7,1
DA:10,4
LF:5
LH:5
BRDA:7,0,0,1
BRDA:7,0,1,0
BRF:2
BRH:1
end_of_record
TN:
SF:src/utils/context/index.jsx
FNF:0
FNH:0
DA:3,3
DA:5,3
LF:2
LH:2
BRF:0
BRH:0
end_of_record
TN:
SF:src/utils/hooks/index.jsx
FN:4,useFetch
FN:9,(anonymous_1)
FN:12,fetchData
FN:29,useTheme
FNF:4
FNH:1
FNDA:0,useFetch
FNDA:0,(anonymous_1)
FNDA:0,fetchData
FNDA:5,useTheme
DA:5,0
DA:6,0
DA:7,0
DA:9,0
DA:10,0
DA:11,0
DA:13,0
DA:14,0
DA:15,0
DA:16,0
DA:18,0
DA:19,0
DA:21,0
DA:24,0
DA:26,0
DA:30,5
DA:31,5
LF:17
LH:2
BRDA:10,0,0,0
BRDA:10,0,1,0
BRF:2
BRH:0
end_of_record
TN:
SF:src/utils/style/Atoms.jsx
FN:27,(anonymous_0)
FN:31,(anonymous_1)
FNF:2
FNH:0
FNDA:0,(anonymous_0)
FNDA:0,(anonymous_1)
DA:5,1
DA:15,1
DA:25,1
DA:27,0
DA:32,0
LF:5
LH:3
BRDA:27,0,0,0
BRDA:27,0,1,0
BRDA:32,1,0,0
BRDA:32,1,1,0
BRF:4
BRH:0
end_of_record
TN:
SF:src/utils/style/colors.js
FNF:0
FNH:0
DA:1,3
LF:1
LH:1
BRF:0
BRH:0
end_of_record
